0:100  0:100  MemLog inited, TSC freq: 1999416367
0:100  0:000  CPU was calibrated with ACPI PM Timer
0:100  0:000  
0:100  0:000  Now is 1.5.2018,  3:44:51 (GMT)
0:100  0:000  Starting Clover revision: 4449 on American Megatrends EFI
0:100  0:000  Build with: [Args: -t XCODE8 -mc -D DISABLE_USB_SUPPORT | -D DISABLE_USB_SUPPORT -D USE_BIOS_BLOCKIO -D USE_LOW_EBDA -a X64 -b RELEASE -t XCODE8 -n 5 | OS: 10.13.4 | XCODE: 9.3]
0:100  0:000  SelfDevicePath=PciRoot(0x0)\Pci(0x1F,0x2)\Sata(0x1,0xFFFF,0x0)\HD(1,GPT,D9435F91-10CE-4A3D-BAD5-B44DE93E9B4B,0x28,0x64000) @599E6798
0:100  0:000  SelfDirPath = \EFI\CLOVER
0:100  0:000  === [ Get Smbios ] ========================================
0:100  0:000  Type 16 Index = 0
0:100  0:000  Type 16 Index = 1
0:100  0:000  Total Memory Slots Count = 4
0:100  0:000  Type 17 Index = 0
0:100  0:000  Ignoring insane frequency value 0MHz
0:100  0:000  SmbiosTable.Type17->Speed = 0MHz
0:100  0:000  SmbiosTable.Type17->Size = 0MB
0:100  0:000  SmbiosTable.Type17->Bank/Device = NODE 1 DIMM_A1
0:100  0:000  SmbiosTable.Type17->Vendor = <null string>
0:100  0:000  SmbiosTable.Type17->SerialNumber = <null string>
0:100  0:000  SmbiosTable.Type17->PartNumber = <null string>
0:100  0:000  Type 17 Index = 1
0:100  0:000  Ignoring insane frequency value 0MHz
0:100  0:000  SmbiosTable.Type17->Speed = 0MHz
0:100  0:000  SmbiosTable.Type17->Size = 0MB
0:100  0:000  SmbiosTable.Type17->Bank/Device = NODE 1 DIMM_B1
0:100  0:000  SmbiosTable.Type17->Vendor = <null string>
0:100  0:000  SmbiosTable.Type17->SerialNumber = <null string>
0:100  0:000  SmbiosTable.Type17->PartNumber = <null string>
0:100  0:000  Type 17 Index = 2
0:100  0:000  SmbiosTable.Type17->Speed = 2133MHz
0:100  0:000  SmbiosTable.Type17->Size = 32767MB
0:100  0:000  SmbiosTable.Type17->Bank/Device = NODE 2 DIMM_C1
0:100  0:000  SmbiosTable.Type17->Vendor = Micron
0:100  0:000  SmbiosTable.Type17->SerialNumber = 68028FB3
0:100  0:000  SmbiosTable.Type17->PartNumber = 36ASF4G72PZ-2G1A1  
0:100  0:000  Type 17 Index = 3
0:100  0:000  SmbiosTable.Type17->Speed = 2133MHz
0:100  0:000  SmbiosTable.Type17->Size = 32767MB
0:100  0:000  SmbiosTable.Type17->Bank/Device = NODE 2 DIMM_D1
0:100  0:000  SmbiosTable.Type17->Vendor = Micron
0:100  0:000  SmbiosTable.Type17->SerialNumber = 67028FB3
0:100  0:000  SmbiosTable.Type17->PartNumber = 36ASF4G72PZ-2G1A1  
0:100  0:000  Boot status=0
0:100  0:000  Running on: 'To Be Filled By O.E.M.' with board 'X99M Killer_3.1'
0:100  0:000  === [ GetCPUProperties ] ==================================
0:100  0:000  CPU Vendor = 756E6547 Model=306F2
0:100  0:000   The CPU supported SSE4.1
0:100  0:000  BrandString = Intel(R) Xeon(R) CPU E5-2683 v3 @ 2.00GHz
0:100  0:000   The CPU supported turbo
0:100  0:000  MSR 0x35               E001C
0:100  0:000  MSR 0xE2 before patch 00000000
0:100  0:000  MSR 0xCE              00080C33_F3811400
0:100  0:000  MSR 0x1B0             00000007
0:100  0:000  FSBFrequency = 100 MHz, DMI FSBFrequency = 100 MHz, Corrected FSBFrequency = 100 MHz
0:100  0:000  MaxDiv/MinDiv: 20.0/12
0:100  0:000  Turbo: 30/30/30/30
0:100  0:000  Features: 0xBFEBFBFF
0:100  0:000  Threads: 28
0:100  0:000  Cores: 14
0:100  0:000  FSB: 100 MHz
0:100  0:000  CPU: 2000 MHz
0:100  0:000  TSC: 2000 MHz
0:100  0:000  PIS: 100 MHz
0:100  0:000  ExternalClock: 25 MHz
0:100  0:000  === [ GetDevices ] ========================================
0:100  0:000  PCI (00|00:00.00) : 8086 2F00 class=060000
0:100  0:000  PCI (00|00:01.00) : 8086 2F02 class=060400
0:100  0:000  PCI (00|00:03.00) : 8086 2F08 class=060400
0:100  0:000  PCI (00|02:00.00) : 10DE 1C03 class=030000
0:100  0:000   - GFX: Model=EVGA GeForce GTX 1060 family 136 (Nvidia)
0:100  0:000  PCI (00|02:00.01) : 10DE 10F1 class=040300
0:100  0:000   - HDMI Audio: 
0:100  0:000  PCI (00|00:05.00) : 8086 2F28 class=088000
0:100  0:000  PCI (00|00:05.01) : 8086 2F29 class=088000
0:100  0:000  PCI (00|00:05.02) : 8086 2F2A class=088000
0:100  0:000  PCI (00|00:05.04) : 8086 2F2C class=080020
0:100  0:000  PCI (00|00:05.06) : FFFF FFFF class=FFFFFF
0:100  0:000  PCI (00|00:11.00) : 8086 8D7C class=FF0000
0:100  0:000  PCI (00|00:14.00) : 8086 8D31 class=0C0330
0:100  0:000  PCI (00|00:16.00) : 8086 8D3A class=078000
0:100  0:000  PCI (00|00:16.01) : FFFF FFFF class=FFFFFF
0:100  0:000  PCI (00|00:16.02) : FFFF FFFF class=FFFFFF
0:100  0:000  PCI (00|00:16.03) : FFFF FFFF class=FFFFFF
0:100  0:000  PCI (00|00:19.00) : 8086 15A1 class=020000
0:100  0:000   - LAN: 0 Vendor=Intel
0:100  0:000  PCI (00|00:1A.00) : 8086 8D2D class=0C0320
0:100  0:000  PCI (00|00:1B.00) : 8086 8D20 class=040300
0:100  0:000  PCI (00|00:1C.00) : 8086 8D10 class=060400
0:100  0:000  PCI (00|03:00.00) : 14E4 43BA class=028000
0:100  0:000   - WIFI: Vendor=Broadcom
0:100  0:000  PCI (00|00:1C.04) : 8086 8D18 class=060400
0:100  0:000  PCI (00|04:00.00) : 1B21 1242 class=0C0330
0:100  0:000  PCI (00|00:1C.06) : 8086 8D1C class=060400
0:100  0:000  PCI (00|05:00.00) : 1969 E091 class=020000
0:100  0:000   - LAN: 1 Vendor=Atheros
0:100  0:000  PCI (00|00:1D.00) : 8086 8D26 class=0C0320
0:100  0:000  PCI (00|00:1F.00) : 8086 8D47 class=060100
0:100  0:000  PCI (00|00:1F.02) : 8086 8D02 class=010601
0:100  0:000  PCI (00|00:1F.03) : 8086 8D22 class=0C0500
0:100  0:000  PCI (00|00:1F.06) : FFFF FFFF class=FFFFFF
0:100  0:000  === [ GetDefaultSettings ] ================================
0:100  0:000  Clover load options size = 40 bytes
0:100  0:000  Clover started with option to boot boot.efi from Preboot
0:112  0:011  EFI\CLOVER\config.plist loaded: Success
0:112  0:000  === [ GetListOfThemes ] ===================================
0:113  0:001  - [00]: embedded
0:114  0:000  - [00]: random
0:115  0:001  - [00]: BGM
0:121  0:005  - [01]: metal
0:125  0:004  === [ Found config plists ] ===============================
0:126  0:001  - config.plist
0:126  0:000  === [ GetEarlyUserSettings ] ==============================
0:126  0:000  timeout set to 5
0:126  0:000  Custom boot CUSTOM_BOOT_ALT_APPLE (0x0)
0:126  0:000  KernelXCPM: enabled
0:126  0:000  KextsToPatch: 1 requested
0:126  0:000   - [00]: IOAHCIBlockStorage (TRIM Enabler) :: BinPatch :: data len: 11
0:126  0:000   - patch disabled at config
0:126  0:000  Default theme: embedded
0:126  0:000  === [ LoadDrivers ] =======================================
0:127  0:000  Loading apfs.efi  status=Success
0:130  0:003   - driver needs connecting
0:130  0:000  Loading PartitionDxe-64.efi  status=Success
0:131  0:001   - driver needs connecting
0:131  0:000  Loading AppleImageCodec-64.efi  status=Success
0:132  0:000  Loading AppleUITheme-64.efi  status=Success
0:132  0:000  Loading DataHubDxe-64.efi  status=Success
0:133  0:000  Loading AppleKeyAggregator-64.efi  status=Success
0:133  0:000  Loading CsmVideoDxe-64.efi  status=Success
0:133  0:000   - driver needs connecting
0:133  0:000  Loading VBoxHfs-64.efi  status=Success
0:133  0:000   - driver needs connecting
0:133  0:000  Loading AptioInputFix.efi  status=Success
0:135  0:001  Loading AptioMemoryFix.efi  status=Success
0:135  0:000  Loading FSInject-64.efi  status=Success
0:135  0:000  Loading FirmwareVolume-64.efi  status=Success
0:136  0:000  Loading Fat-64.efi  status=Success
0:136  0:000   - driver needs connecting
0:136  0:000  Loading EmuVariableUefi-64.efi  status=Success
0:136  0:000  EmuVariableUefi Initialize: VariableCommonInitialize = Success, orig services stored, install gEmuVariableControlProtocolGuid = Success
0:136  0:000  Loading SMCHelper-64.efi  status=Success
0:137  0:000  Loading UsbKbDxe-64.efi  status=Success
0:138  0:000   - driver needs connecting
0:138  0:000  Loading UsbMouseDxe-64.efi  status=Success
0:139  0:000   - driver needs connecting
0:139  0:000  7 drivers needs connecting ...
0:139  0:000  PlatformDriverOverrideProtocol->GetDriver overriden
0:139  0:000  Partition driver loaded: 
0:139  0:000  APFS driver loaded
0:139  0:000  Video driver loaded: disconnect Success
0:216  0:077  Searching for invalid DiskIo BY_DRIVER connects: not found, all ok
0:261  0:044  CsmVideoDriverBindingStart
0:261  0:000  mixed support=40010
0:261  0:000  Controller is [030000]
0:261  0:000  Check for VBE
0:332  0:071    0 640x480 attr=3BF - ok, 640x480, working, highest, pref=0
0:334  0:001    1 800x600 attr=3BF - ok, 800x600, working, highest, pref=1
0:336  0:001    2 1024x768 attr=3BF - ok, 1024x768, working, highest, pref=2
0:337  0:001    3 1280x1024 attr=3BF - ok
0:340  0:002    4 1600x1200 attr=3BF - ok
0:342  0:001  CsmVideo: New mode: 2 1024x768 - set
0:483  0:140   - SetMode pref 2 (2) = Success
0:483  0:000  CsmVideoCheckForVbe - Success
0:483  0:000  CsmVideoDriverBindingStart end Success
0:483  0:000  CsmVideo: New mode: 4 1600x1200 - set
0:988  0:504  CsmVideo: New mode: 1 800x600 - set
1:715  0:727  EmuVariable InstallEmulation: orig vars copied, emu.var.services installed, CreateEvent VirtualAddressChange = Success, CreateEvent ExitBootServices = Success, set Status=Success
1:728  0:012  === [ InitScreen ] ========================================
1:728  0:000  Console modes reported: 4, available modes:
1:728  0:000   - [01]: 80x25 (current mode)
1:728  0:000   - [02]: 128x40
1:728  0:000   - [03]: 100x31
1:728  0:000   - [04]: 128x40
1:728  0:000  SetScreenResolution: 800x600 - already set
1:728  0:000  reinit: self device path=PciRoot(0x0)\Pci(0x1F,0x2)\Sata(0x1,0xFFFF,0x0)\HD(1,GPT,D9435F91-10CE-4A3D-BAD5-B44DE93E9B4B,0x28,0x64000)
1:728  0:000  Using embedded font: Success
1:730  0:001  === [ GetMacAddress ] =====================================
1:730  0:000   get legacy LAN MAC, 2 card found
1:730  0:000  Legacy MAC address of LAN #0= 70:85:C2:38:A5:2C:
1:730  0:000  Legacy MAC address of LAN #1= 70:85:C2:38:A5:2A:
1:730  0:000  === [ ScanSPD ] ===========================================
1:730  0:000  SMBus device : 8086 8D22 class=0C0500 status=Success
1:730  0:000  SMBus CmdReg: 0x1
1:730  0:000  Scanning SMBus [8086:8D22], mmio: 0xFB135004, ioport: 0x580, hostc: 0x1
1:730  0:000  Slots to scan [8]...
1:731  0:001  === [ GetAcpiTablesList ] =================================
1:731  0:000  Get Acpi Tables List from RSDT:
1:731  0:000   - [00]: FACP  A M I  len=132
1:731  0:000   - [01]: APIC  A M I  len=480
1:731  0:000   - [02]: FPDT  A M I  len=68
1:731  0:000   - [03]: FIDT  A M I  len=156
1:731  0:000   - [04]: MCFG  A M I len=60
1:731  0:000   - [05]: SSDT  SataTabl len=877
1:731  0:000   - [06]: UEFI  A M I  len=66
1:731  0:000   - [07]: BDAT  A M I  len=48
1:731  0:000   - [08]: HPET  A M I  len=56
1:731  0:000   - [09]: MSCT  A M I  len=144
1:731  0:000   - [10]: SLIT  A M I  len=45
1:731  0:000   - [11]: SRAT  A M I  len=4440
1:731  0:000   - [12]: WDDT  A M I  len=64
1:731  0:000   - [13]: SSDT  PmMgt len=89066
1:731  0:000   - [14]: AAFT  OEMAAFT  len=751
1:731  0:000   - [15]: DMAR  A M I  len=212
1:731  0:000   - [16]: ASF!   HCG len=160
1:731  0:000  Calibrated TSC Frequency = 1999416367 = 1999MHz
1:732  0:000  === [ GetUserSettings ] ===================================
1:732  0:000  USB FixOwnership: yes
1:732  0:000  Dropping 3 tables:
1:732  0:000   - [00]: Drop table  signature="DMAR" (52414D44)
1:732  0:000           - set table: 52414D44,                0 to drop: yes
1:732  0:000   - [01]: Drop table  signature="SSDT" (54445353) table-id="CpuPm" (0000006D50757043)
1:732  0:000           - set table: 54445353,       6D50757043 to drop: no
1:732  0:000   - [02]: Drop table  signature="SSDT" (54445353) table-id="Cpu0Ist" (0074734930757043)
1:732  0:000           - set table: 54445353,   74734930757043 to drop: no
1:732  0:000   - final DSDT Fix mask=00001021
1:732  0:000  PatchesDSDT: 13 requested
1:732  0:000   - [00]: (Add _SUN property for GIGE) lenToFind: 18, lenToReplace: 25, Target Bridge: <null string>
1:732  0:000    patch disabled at config
1:732  0:000   - [01]: (Rename GFX0 to IGPU) lenToFind: 4, lenToReplace: 4, Target Bridge: <null string>
1:732  0:000    patch disabled at config
1:732  0:000   - [02]: (Rename HDEF to AZAL) lenToFind: 4, lenToReplace: 4, Target Bridge: <null string>
1:732  0:000    patch disabled at config
1:732  0:000   - [03]: (Rename oem _DSM to ZDSM) lenToFind: 4, lenToReplace: 4, Target Bridge: <null string>
1:732  0:000    patch disabled at config
1:732  0:000   - [04]: (Rename HECI to IMEI) lenToFind: 4, lenToReplace: 4, Target Bridge: <null string>
1:732  0:000    patch disabled at config
1:732  0:000   - [05]: (ALZA to HDEF audio) lenToFind: 4, lenToReplace: 4, Target Bridge: <null string>
1:732  0:000   - [06]: (H000 to GFX1 NVIDIA) lenToFind: 4, lenToReplace: 4, Target Bridge: <null string>
1:732  0:000   - [07]: (change HECI to IMEI) lenToFind: 4, lenToReplace: 4, Target Bridge: <null string>
1:732  0:000   - [08]: (EHC1 to EH01) lenToFind: 4, lenToReplace: 4, Target Bridge: <null string>
1:732  0:000   - [09]: (EHC2 to EH02) lenToFind: 4, lenToReplace: 4, Target Bridge: <null string>
1:732  0:000   - [10]: (XHC1 to XH01) lenToFind: 4, lenToReplace: 4, Target Bridge: <null string>
1:732  0:000    patch disabled at config
1:732  0:000   - [11]: (change _OSI to XOSI) lenToFind: 4, lenToReplace: 4, Target Bridge: <null string>
1:732  0:000    patch disabled at config
1:732  0:000   - [12]: (change HECI to IMEI) lenToFind: 4, lenToReplace: 4, Target Bridge: <null string>
1:732  0:000    patch disabled at config
1:732  0:000  Using ProductName from config: MacPro6,1
1:732  0:000  Using latest BiosVersion from clover
1:732  0:000  BiosVersion: MP61.88Z.0122.B00.1802021814
1:732  0:000  BiosReleaseDate: 02/02/2018
1:732  0:000  Using FirmwareFeatures from config: 0xE80FE136
1:732  0:000  Using FirmwareFeaturesMask from config: 0xFF1FFF3F
1:732  0:000  Board-ID set from config as Mac-F60DEB81FF30ACF6
1:732  0:000  BoardType: 0xB
1:732  0:000  ChassisType: 0x2
1:892  0:160  === [ ScanVolumes ] =======================================
1:892  0:000  Found 11 volumes with blockIO
1:892  0:000  - [00]: Volume: PciRoot(0x0)\Pci(0x1F,0x2)\Sata(0x1,0xFFFF,0x0)
1:893  0:000  - [01]: Volume: PciRoot(0x0)\Pci(0x1F,0x2)\Sata(0x2,0xFFFF,0x0)
1:894  0:000  - [02]: Volume: PciRoot(0x0)\Pci(0x1F,0x2)\Sata(0x1,0xFFFF,0x0)\HD(1,GPT,D9435F91-10CE-4A3D-BAD5-B44DE93E9B4B,0x28,0x64000)
1:894  0:000          Result of bootcode detection: bootable unknown (legacy)
1:895  0:000          This is SelfVolume !!
1:895  0:000  - [03]: Volume: PciRoot(0x0)\Pci(0x1F,0x2)\Sata(0x1,0xFFFF,0x0)\HD(2,GPT,FA9D6A41-BB59-4D74-AE31-36C7BB95FB1E,0x64028,0x37DDF660)
1:895  0:000          Result of bootcode detection: bootable unknown (legacy)
1:895  0:000  - [04]: Volume: PciRoot(0x0)\Pci(0x1F,0x2)\Sata(0x2,0xFFFF,0x0)\HD(1,GPT,C9F24BEB-171D-44C9-AE75-2CD36AD7804E,0x28,0x64000)
1:896  0:000          Result of bootcode detection: bootable unknown (legacy)
1:896  0:000  - [05]: Volume: PciRoot(0x0)\Pci(0x1F,0x2)\Sata(0x2,0xFFFF,0x0)\HD(2,GPT,38B1107D-BBC3-4394-BC67-69F9E1DA9B93,0x64028,0x15D4A6360)
1:897  0:001          Result of bootcode detection: bootable unknown (legacy)
1:897  0:000  - [06]: Volume: PciRoot(0x0)\Pci(0x1F,0x2)\Sata(0x1,0xFFFF,0x0)\HD(2,GPT,FA9D6A41-BB59-4D74-AE31-36C7BB95FB1E,0x64028,0x37DDF660)\VenMedia(BE74FCF7-0B7C-49F3-9147-01F4042E6842,1EC304EB3F289D499B3A6CBF284FE2F5)
1:897  0:000  - [07]: Volume: PciRoot(0x0)\Pci(0x1F,0x2)\Sata(0x1,0xFFFF,0x0)\HD(2,GPT,FA9D6A41-BB59-4D74-AE31-36C7BB95FB1E,0x64028,0x37DDF660)\VenMedia(BE74FCF7-0B7C-49F3-9147-01F4042E6842,E35488CC4960D54587EF83B2E9A0B633)
1:897  0:000  - [08]: Volume: PciRoot(0x0)\Pci(0x1F,0x2)\Sata(0x1,0xFFFF,0x0)\HD(2,GPT,FA9D6A41-BB59-4D74-AE31-36C7BB95FB1E,0x64028,0x37DDF660)\VenMedia(BE74FCF7-0B7C-49F3-9147-01F4042E6842,6CAFBF674D3FD74B9AFB16B321DC955F)
1:897  0:000  - [09]: Volume: PciRoot(0x0)\Pci(0x1F,0x2)\Sata(0x1,0xFFFF,0x0)\HD(2,GPT,FA9D6A41-BB59-4D74-AE31-36C7BB95FB1E,0x64028,0x37DDF660)\VenMedia(BE74FCF7-0B7C-49F3-9147-01F4042E6842,2A40757693BE014CB416B7571A101E30)
1:897  0:000  - [10]: Volume: PciRoot(0x0)\Pci(0x1F,0x2)\Sata(0x2,0xFFFF,0x0)\HD(2,GPT,38B1107D-BBC3-4394-BC67-69F9E1DA9B93,0x64028,0x15D4A6360)\VenMedia(BE74FCF7-0B7C-49F3-9147-01F4042E6842,E94C64EDF4C88042874005FDF9A58432)
1:898  0:000  PutNvramPlistToRtVars: nvram.plist not found
1:898  0:000  === [ InitTheme ] =========================================
1:898  0:000   using embedded theme
1:899  0:000  Using embedded font: Success
1:899  0:000  Choosing theme <null string>
1:899  0:000  after NVRAM boot-args=-v npci=0x3000 nvda_drv=1 kext-dev-mode=1
1:899  0:000  === [ Dump SMC keys from NVRAM ] ==========================
1:900  0:000  found AppleSMC protocol
1:900  0:000  Registered 0 SMC keys
1:900  0:000  === [ ScanLoader ] ========================================
1:900  0:000  - [02]: 'EFI'
1:901  0:000  - [04]: 'EFI'
1:901  0:000  - [06]: 'Preboot'
1:904  0:002          AddLoaderEntry for Volume Name=Preboot
1:908  0:004      Check if volume Is Hibernated:
1:908  0:000      Check sleep image 'by signature':
1:908  0:000      using default sleep image name = \private\var\vm\sleepimage
1:908  0:000      sleepimage not found -> Not Found
1:908  0:000      hibernated: no - sign
1:910  0:001          AddLoaderEntry for Volume Name=Preboot
1:916  0:006  - [07]: 'MacOS'
1:950  0:034          AddLoaderEntry for Volume Name=MacOS
1:957  0:006      Check if volume Is Hibernated:
1:957  0:000      Check sleep image 'by signature':
1:973  0:016      read prefs \Library\Preferences\com.apple.PowerManagement.plist status=Success
1:973  0:000      using default sleep image name = \private\var\vm\sleepimage
1:985  0:012      sleepimage not found -> Not Found
1:985  0:000      hibernated: no - sign
1:991  0:006  - [08]: 'Recovery'
1:993  0:001          AddLoaderEntry for Volume Name=Recovery
2:000  0:006  - [09]: 'VM'
2:001  0:000  - [10]: 'Data'
2:009  0:008  Scanning legacy ...
2:009  0:000  === [ AddCustomTool ] =====================================
2:010  0:000  found tool \EFI\CLOVER\tools\Shell64U.efi
2:010  0:000  Checking EFI partition Volume 2 for Clover
2:010  0:000   Found Clover
2:010  0:000  EmuVariable UninstallEmulation: CloseEvent = Success, original var services restored
2:011  0:000  EmuVariable InstallEmulation: orig vars copied, emu.var.services installed, CreateEvent VirtualAddressChange = Success, CreateEvent ExitBootServices = Success, set Status=Success
2:025  0:013  === [ GetEfiBootDeviceFromNvram ] =========================
2:025  0:000   - found entry 2. 'Boot macOS from MacOS', Volume 'MacOS', DevicePath 'PciRoot(0x0)\Pci(0x1F,0x2)\Sata(0x1,0xFFFF,0x0)\HD(2,GPT,FA9D6A41-BB59-4D74-AE31-36C7BB95FB1E,0x64028,0x37DDF660)\VenMedia(BE74FCF7-0B7C-49F3-9147-01F4042E6842,E35488CC4960D54587EF83B2E9A0B633)\System\Library\CoreServices\boot.efii'
2:025  0:000  EmuVariable UninstallEmulation: CloseEvent = Success, original var services restored
2:025  0:000  DefaultIndex=2 and MainMenu.EntryCount=10
2:092  0:067  GUI ready
